tv/build/intermediates/manifest_merge_blame_file/debug/processDebugMainManifest/manifest-merger-blame-debug-report.txt
1<?xml version="1.0" encoding="utf-8"?>
2<!--
3 Copyright 2024 The Android Open Source Project
4
5 Licensed under the Apache License, Version 2.0 (the "License");
6 you may not use this file except in compliance with the License.
7 You may obtain a copy of the License at
8
9      http://www.apache.org/licenses/LICENSE-2.0
10
11 Unless required by applicable law or agreed to in writing, software
12 distributed under the License is distributed on an "AS IS" BASIS,
13 WITHOUT WARRANTIES OR CONDITIONS OF ANY KIND, either express or implied.
14 See the License for the specific language governing permissions and
15 limitations under the License.
16-->
17<manifest xmlns:android="http://schemas.android.com/apk/res/android"
18    package="com.example.edcaster"
19    android:versionCode="1"
20    android:versionName="1.0" >
21
22    <uses-sdk
23        android:minSdkVersion="21"
24        android:targetSdkVersion="33" />
25
26    <uses-feature
26-->src/main/AndroidManifest.xml:20:5-22:36
27        android:name="android.hardware.touchscreen"
27-->src/main/AndroidManifest.xml:21:9-52
28        android:required="false" />
28-->src/main/AndroidManifest.xml:22:9-33
29    <uses-feature
29-->src/main/AndroidManifest.xml:23:5-25:36
30        android:name="android.software.leanback"
30-->src/main/AndroidManifest.xml:24:9-49
31        android:required="false" />
31-->src/main/AndroidManifest.xml:25:9-33
32
33    <uses-permission android:name="android.permission.INTERNET" />
33-->src/main/AndroidManifest.xml:27:5-67
33-->src/main/AndroidManifest.xml:27:22-64
34    <uses-permission android:name="android.permission.ACCESS_NETWORK_STATE" />
34-->[androidx.media3:media3-exoplayer:1.7.1] AndroidManifest.xml:22:5-79
34-->[androidx.media3:media3-exoplayer:1.7.1] AndroidManifest.xml:22:22-76
35
36    <permission
36-->[androidx.core:core:1.16.0] AndroidManifest.xml:22:5-24:47
37        android:name="com.example.edcaster.DYNAMIC_RECEIVER_NOT_EXPORTED_PERMISSION"
37-->[androidx.core:core:1.16.0] AndroidManifest.xml:23:9-81
38        android:protectionLevel="signature" />
38-->[androidx.core:core:1.16.0] AndroidManifest.xml:24:9-44
39
40    <uses-permission android:name="com.example.edcaster.DYNAMIC_RECEIVER_NOT_EXPORTED_PERMISSION" />
40-->[androidx.core:core:1.16.0] AndroidManifest.xml:26:5-97
40-->[androidx.core:core:1.16.0] AndroidManifest.xml:26:22-94
41
42    <application
42-->src/main/AndroidManifest.xml:29:5-45:19
43        android:name="com.example.edcaster.tv.JetCasterTvApp"
43-->src/main/AndroidManifest.xml:36:9-39
44        android:allowBackup="true"
44-->src/main/AndroidManifest.xml:30:9-35
45        android:appComponentFactory="androidx.core.app.CoreComponentFactory"
45-->[androidx.core:core:1.16.0] AndroidManifest.xml:28:18-86
46        android:banner="@mipmap/ic_launcher"
46-->src/main/AndroidManifest.xml:31:9-45
47        android:debuggable="true"
48        android:extractNativeLibs="true"
49        android:icon="@mipmap/ic_launcher"
49-->src/main/AndroidManifest.xml:32:9-43
50        android:label="@string/app_name"
50-->src/main/AndroidManifest.xml:33:9-41
51        android:supportsRtl="true"
51-->src/main/AndroidManifest.xml:34:9-35
52        android:theme="@style/Theme.Edcaster" >
52-->src/main/AndroidManifest.xml:35:9-47
53        <activity
53-->src/main/AndroidManifest.xml:37:9-44:20
54            android:name="com.example.edcaster.tv.MainActivity"
54-->src/main/AndroidManifest.xml:38:13-41
55            android:exported="true" >
55-->src/main/AndroidManifest.xml:39:13-36
56            <intent-filter>
56-->src/main/AndroidManifest.xml:40:13-43:29
57                <action android:name="android.intent.action.MAIN" />
57-->src/main/AndroidManifest.xml:41:17-69
57-->src/main/AndroidManifest.xml:41:25-66
58
59                <category android:name="android.intent.category.LEANBACK_LAUNCHER" />
59-->src/main/AndroidManifest.xml:42:17-86
59-->src/main/AndroidManifest.xml:42:27-83
60            </intent-filter>
61        </activity>
62        <!--
63        Service for holding metadata. Cannot be instantiated.
64        Metadata will be merged from other manifests.
65        -->
66        <service
66-->[androidx.camera:camera-core:1.4.2] AndroidManifest.xml:29:9-33:78
67            android:name="androidx.camera.core.impl.MetadataHolderService"
67-->[androidx.camera:camera-core:1.4.2] AndroidManifest.xml:30:13-75
68            android:enabled="false"
68-->[androidx.camera:camera-core:1.4.2] AndroidManifest.xml:31:13-36
69            android:exported="false" />
69-->[androidx.camera:camera-core:1.4.2] AndroidManifest.xml:32:13-37
70
71        <provider
71-->[androidx.emoji2:emoji2:1.4.0] AndroidManifest.xml:24:9-32:20
72            android:name="androidx.startup.InitializationProvider"
72-->[androidx.emoji2:emoji2:1.4.0] AndroidManifest.xml:25:13-67
73            android:authorities="com.example.edcaster.androidx-startup"
73-->[androidx.emoji2:emoji2:1.4.0] AndroidManifest.xml:26:13-68
74            android:exported="false" >
74-->[androidx.emoji2:emoji2:1.4.0] AndroidManifest.xml:27:13-37
75            <meta-data
75-->[androidx.emoji2:emoji2:1.4.0] AndroidManifest.xml:29:13-31:52
76                android:name="androidx.emoji2.text.EmojiCompatInitializer"
76-->[androidx.emoji2:emoji2:1.4.0] AndroidManifest.xml:30:17-75
77                android:value="androidx.startup" />
77-->[androidx.emoji2:emoji2:1.4.0] AndroidManifest.xml:31:17-49
78            <meta-data
78-->[androidx.lifecycle:lifecycle-process:2.9.1] AndroidManifest.xml:29:13-31:52
79                android:name="androidx.lifecycle.ProcessLifecycleInitializer"
79-->[androidx.lifecycle:lifecycle-process:2.9.1] AndroidManifest.xml:30:17-78
80                android:value="androidx.startup" />
80-->[androidx.lifecycle:lifecycle-process:2.9.1] AndroidManifest.xml:31:17-49
81            <meta-data
81-->[androidx.profileinstaller:profileinstaller:1.4.0] AndroidManifest.xml:29:13-31:52
82                android:name="androidx.profileinstaller.ProfileInstallerInitializer"
82-->[androidx.profileinstaller:profileinstaller:1.4.0] AndroidManifest.xml:30:17-85
83                android:value="androidx.startup" />
83-->[androidx.profileinstaller:profileinstaller:1.4.0] AndroidManifest.xml:31:17-49
84        </provider>
85
86        <activity
86-->[androidx.compose.ui:ui-tooling-android:1.9.0-alpha04] AndroidManifest.xml:23:9-25:39
87            android:name="androidx.compose.ui.tooling.PreviewActivity"
87-->[androidx.compose.ui:ui-tooling-android:1.9.0-alpha04] AndroidManifest.xml:24:13-71
88            android:exported="true" />
88-->[androidx.compose.ui:ui-tooling-android:1.9.0-alpha04] AndroidManifest.xml:25:13-36
89        <activity
89-->[androidx.compose.ui:ui-test-manifest:1.9.0-alpha04] AndroidManifest.xml:23:9-26:79
90            android:name="androidx.activity.ComponentActivity"
90-->[androidx.compose.ui:ui-test-manifest:1.9.0-alpha04] AndroidManifest.xml:24:13-63
91            android:exported="true"
91-->[androidx.compose.ui:ui-test-manifest:1.9.0-alpha04] AndroidManifest.xml:25:13-36
92            android:theme="@android:style/Theme.Material.Light.NoActionBar" />
92-->[androidx.compose.ui:ui-test-manifest:1.9.0-alpha04] AndroidManifest.xml:26:13-76
93
94        <service
94-->[androidx.room:room-runtime-android:2.7.1] AndroidManifest.xml:24:9-28:63
95            android:name="androidx.room.MultiInstanceInvalidationService"
95-->[androidx.room:room-runtime-android:2.7.1] AndroidManifest.xml:25:13-74
96            android:directBootAware="true"
96-->[androidx.room:room-runtime-android:2.7.1] AndroidManifest.xml:26:13-43
97            android:exported="false" />
97-->[androidx.room:room-runtime-android:2.7.1] AndroidManifest.xml:27:13-37
98
99        <receiver
99-->[androidx.profileinstaller:profileinstaller:1.4.0] AndroidManifest.xml:34:9-52:20
100            android:name="androidx.profileinstaller.ProfileInstallReceiver"
100-->[androidx.profileinstaller:profileinstaller:1.4.0] AndroidManifest.xml:35:13-76
101            android:directBootAware="false"
101-->[androidx.profileinstaller:profileinstaller:1.4.0] AndroidManifest.xml:36:13-44
102            android:enabled="true"
102-->[androidx.profileinstaller:profileinstaller:1.4.0] AndroidManifest.xml:37:13-35
103            android:exported="true"
103-->[androidx.profileinstaller:profileinstaller:1.4.0] AndroidManifest.xml:38:13-36
104            android:permission="android.permission.DUMP" >
104-->[androidx.profileinstaller:profileinstaller:1.4.0] AndroidManifest.xml:39:13-57
105            <intent-filter>
105-->[androidx.profileinstaller:profileinstaller:1.4.0] AndroidManifest.xml:40:13-42:29
106                <action android:name="androidx.profileinstaller.action.INSTALL_PROFILE" />
106-->[androidx.profileinstaller:profileinstaller:1.4.0] AndroidManifest.xml:41:17-91
106-->[androidx.profileinstaller:profileinstaller:1.4.0] AndroidManifest.xml:41:25-88
107            </intent-filter>
108            <intent-filter>
108-->[androidx.profileinstaller:profileinstaller:1.4.0] AndroidManifest.xml:43:13-45:29
109                <action android:name="androidx.profileinstaller.action.SKIP_FILE" />
109-->[androidx.profileinstaller:profileinstaller:1.4.0] AndroidManifest.xml:44:17-85
109-->[androidx.profileinstaller:profileinstaller:1.4.0] AndroidManifest.xml:44:25-82
110            </intent-filter>
111            <intent-filter>
111-->[androidx.profileinstaller:profileinstaller:1.4.0] AndroidManifest.xml:46:13-48:29
112                <action android:name="androidx.profileinstaller.action.SAVE_PROFILE" />
112-->[androidx.profileinstaller:profileinstaller:1.4.0] AndroidManifest.xml:47:17-88
112-->[androidx.profileinstaller:profileinstaller:1.4.0] AndroidManifest.xml:47:25-85
113            </intent-filter>
114            <intent-filter>
114-->[androidx.profileinstaller:profileinstaller:1.4.0] AndroidManifest.xml:49:13-51:29
115                <action android:name="androidx.profileinstaller.action.BENCHMARK_OPERATION" />
115-->[androidx.profileinstaller:profileinstaller:1.4.0] AndroidManifest.xml:50:17-95
115-->[androidx.profileinstaller:profileinstaller:1.4.0] AndroidManifest.xml:50:25-92
116            </intent-filter>
117        </receiver>
118    </application>
119
120</manifest>